<?xml version="1.0" encoding="utf-8"?>
<coverage line-rate="0.5603" branch-rate="0.562" version="1.9" timestamp="1777522717" lines-covered="580" lines-valid="1035" branches-covered="213" branches-valid="379">
  <sources>
    <source>D:\workspaces\croupier\sdks\csharp\src\Croupier.Sdk\</source>
  </sources>
  <packages>
    <package name="Croupier.Sdk" line-rate="0.5603" branch-rate="0.562" complexity="516">
      <classes>
        <class name="Croupier.Sdk.CroupierClient" filename="CroupierClient.cs" line-rate="0.32" branch-rate="0.24239999999999998" complexity="77">
          <methods>
            <method name="get_Config" signature="()" line-rate="1" branch-rate="1" complexity="1">
              <lines>
                <line number="53" hits="3" branch="False" />
              </lines>
            </method>
            <method name="get_IsConnected" signature="()" line-rate="1" branch-rate="0.5" complexity="2">
              <lines>
                <line number="58" hits="5" branch="True" condition-coverage="50% (1/2)">
                  <conditions>
                    <condition number="6" type="jump" coverage="50%" />
                  </conditions>
                </line>
              </lines>
            </method>
            <method name="get_SessionId" signature="()" line-rate="1" branch-rate="1" complexity="1">
              <lines>
                <line number="63" hits="1" branch="False" />
              </lines>
            </method>
            <method name="Disconnect" signature="()" line-rate="0.1363" branch-rate="0.0833" complexity="12">
              <lines>
                <line number="149" hits="48" branch="False" />
                <line number="151" hits="48" branch="True" condition-coverage="50% (1/2)">
                  <conditions>
                    <condition number="12" type="jump" coverage="50%" />
                  </conditions>
                </line>
                <line number="152" hits="48" branch="False" />
                <line number="154" hits="0" branch="False" />
                <line number="157" hits="0" branch="False" />
                <line number="158" hits="0" branch="True" condition-coverage="0% (0/2)">
                  <conditions>
                    <condition number="54" type="jump" coverage="0%" />
                  </conditions>
                </line>
                <line number="159" hits="0" branch="False" />
                <line number="162" hits="0" branch="True" condition-coverage="0% (0/2)">
                  <conditions>
                    <condition number="78" type="jump" coverage="0%" />
                  </conditions>
                </line>
                <line number="163" hits="0" branch="False" />
                <line number="168" hits="0" branch="True" condition-coverage="0% (0/2)">
                  <conditions>
                    <condition number="102" type="jump" coverage="0%" />
                  </conditions>
                </line>
                <line number="169" hits="0" branch="True" condition-coverage="0% (0/2)">
                  <conditions>
                    <condition number="134" type="jump" coverage="0%" />
                  </conditions>
                </line>
                <line number="170" hits="0" branch="False" />
                <line number="171" hits="0" branch="False" />
                <line number="174" hits="0" branch="False" />
                <line number="175" hits="0" branch="False" />
                <line number="178" hits="0" branch="False" />
                <line number="180" hits="0" branch="True" condition-coverage="0% (0/2)">
                  <conditions>
                    <condition number="174" type="jump" coverage="0%" />
                  </conditions>
                </line>
                <line number="181" hits="0" branch="False" />
                <line number="182" hits="0" branch="False" />
                <line number="183" hits="0" branch="False" />
                <line number="185" hits="0" branch="False" />
                <line number="186" hits="0" branch="False" />
              </lines>
            </method>
            <method name="RegisterFunction" signature="(Croupier.Sdk.Models.FunctionDescriptor,Croupier.Sdk.IFunctionHandler)" line-rate="1" branch-rate="1" complexity="4">
              <lines>
                <line number="196" hits="11" branch="False" />
                <line number="198" hits="10" branch="True" condition-coverage="100% (2/2)">
                  <conditions>
                    <condition number="12" type="jump" coverage="100%" />
                  </conditions>
                </line>
                <line number="199" hits="1" branch="False" />
                <line number="201" hits="9" branch="False" />
                <line number="203" hits="9" branch="True" condition-coverage="100% (2/2)">
                  <conditions>
                    <condition number="50" type="jump" coverage="100%" />
                  </conditions>
                </line>
                <line number="205" hits="1" branch="False" />
                <line number="206" hits="1" branch="False" />
                <line number="209" hits="9" branch="False" />
                <line number="211" hits="9" branch="False" />
                <line number="212" hits="9" branch="False" />
              </lines>
            </method>
            <method name="RegisterFunction" signature="(Croupier.Sdk.Models.FunctionDescriptor,Croupier.Sdk.FunctionHandlerDelegate)" line-rate="1" branch-rate="1" complexity="1">
              <lines>
                <line number="221" hits="9" branch="False" />
                <line number="222" hits="7" branch="False" />
              </lines>
            </method>
            <method name="RegisterFunction" signature="(Croupier.Sdk.Models.FunctionDescriptor,Croupier.Sdk.SyncFunctionHandlerDelegate)" line-rate="1" branch-rate="1" complexity="1">
              <lines>
                <line number="231" hits="1" branch="False" />
                <line number="232" hits="1" branch="False" />
              </lines>
            </method>
            <method name="UnregisterFunction" signature="(System.String)" line-rate="1" branch-rate="1" complexity="2">
              <lines>
                <line number="241" hits="2" branch="False" />
                <line number="243" hits="2" branch="True" condition-coverage="100% (2/2)">
                  <conditions>
                    <condition number="20" type="jump" coverage="100%" />
                  </conditions>
                </line>
                <line number="245" hits="1" branch="False" />
                <line number="246" hits="1" branch="False" />
                <line number="247" hits="1" branch="False" />
                <line number="250" hits="1" branch="False" />
              </lines>
            </method>
            <method name="BuildInvocationMetadata" signature="(Croupier.Sdk.Models.InvokeOptions)" line-rate="0" branch-rate="0" complexity="22">
              <lines>
                <line number="332" hits="0" branch="False" />
                <line number="334" hits="0" branch="True" condition-coverage="0% (0/2)">
                  <conditions>
                    <condition number="28" type="jump" coverage="0%" />
                  </conditions>
                </line>
                <line number="336" hits="0" branch="True" condition-coverage="0% (0/2)">
                  <conditions>
                    <condition number="79" type="jump" coverage="0%" />
                  </conditions>
                </line>
                <line number="338" hits="0" branch="False" />
                <line number="342" hits="0" branch="True" condition-coverage="0% (0/2)">
                  <conditions>
                    <condition number="108" type="jump" coverage="0%" />
                  </conditions>
                </line>
                <line number="344" hits="0" branch="False" />
                <line number="347" hits="0" branch="True" condition-coverage="0% (0/2)">
                  <conditions>
                    <condition number="138" type="jump" coverage="0%" />
                  </conditions>
                </line>
                <line number="349" hits="0" branch="False" />
                <line number="351" hits="0" branch="True" condition-coverage="0% (0/4)">
                  <conditions>
                    <condition number="175" type="jump" coverage="0%" />
                    <condition number="188" type="jump" coverage="0%" />
                  </conditions>
                </line>
                <line number="353" hits="0" branch="False" />
                <line number="356" hits="0" branch="True" condition-coverage="0% (0/2)">
                  <conditions>
                    <condition number="223" type="jump" coverage="0%" />
                  </conditions>
                </line>
                <line number="358" hits="0" branch="False" />
                <line number="360" hits="0" branch="True" condition-coverage="0% (0/4)">
                  <conditions>
                    <condition number="260" type="jump" coverage="0%" />
                    <condition number="273" type="jump" coverage="0%" />
                  </conditions>
                </line>
                <line number="362" hits="0" branch="False" />
                <line number="365" hits="0" branch="True" condition-coverage="0% (0/4)">
                  <conditions>
                    <condition number="313" type="jump" coverage="0%" />
                    <condition number="326" type="jump" coverage="0%" />
                  </conditions>
                </line>
                <line number="367" hits="0" branch="False" />
                <line number="370" hits="0" branch="False" />
              </lines>
            </method>
            <method name="Stop" signature="()" line-rate="0" branch-rate="1" complexity="1">
              <lines>
                <line number="378" hits="0" branch="False" />
                <line number="379" hits="0" branch="False" />
                <line number="380" hits="0" branch="False" />
              </lines>
            </method>
            <method name="ThrowIfDisposed" signature="()" line-rate="1" branch-rate="1" complexity="2">
              <lines>
                <line number="489" hits="71" branch="True" condition-coverage="100% (2/2)">
                  <conditions>
                    <condition number="6" type="jump" coverage="100%" />
                  </conditions>
                </line>
                <line number="490" hits="1" branch="False" />
                <line number="491" hits="70" branch="False" />
              </lines>
            </method>
            <method name="BuildProviderConnectRequest" signature="()" line-rate="0" branch-rate="0" complexity="10">
              <lines>
                <line number="532" hits="0" branch="False" />
                <line number="533" hits="0" branch="False" />
                <line number="534" hits="0" branch="False" />
                <line number="535" hits="0" branch="False" />
                <line number="536" hits="0" branch="False" />
                <line number="537" hits="0" branch="False" />
                <line number="538" hits="0" branch="False" />
                <line number="539" hits="0" branch="False" />
                <line number="541" hits="0" branch="True" condition-coverage="0% (0/2)">
                  <conditions>
                    <condition number="244" type="jump" coverage="0%" />
                  </conditions>
                </line>
                <line number="543" hits="0" branch="True" condition-coverage="0% (0/8)">
                  <conditions>
                    <condition number="157" type="jump" coverage="0%" />
                    <condition number="178" type="jump" coverage="0%" />
                    <condition number="199" type="jump" coverage="0%" />
                    <condition number="220" type="jump" coverage="0%" />
                  </conditions>
                </line>
                <line number="544" hits="0" branch="False" />
                <line number="545" hits="0" branch="False" />
                <line number="546" hits="0" branch="False" />
                <line number="547" hits="0" branch="False" />
                <line number="548" hits="0" branch="False" />
                <line number="549" hits="0" branch="False" />
                <line number="550" hits="0" branch="False" />
                <line number="551" hits="0" branch="False" />
                <line number="554" hits="0" branch="False" />
              </lines>
            </method>
            <method name="BuildRegisterCapabilitiesRequestData" signature="()" line-rate="0" branch-rate="1" complexity="1">
              <lines>
                <line number="589" hits="0" branch="False" />
                <line number="590" hits="0" branch="False" />
                <line number="592" hits="0" branch="False" />
                <line number="593" hits="0" branch="False" />
                <line number="594" hits="0" branch="False" />
                <line number="596" hits="0" branch="False" />
                <line number="597" hits="0" branch="False" />
                <line number="598" hits="0" branch="False" />
                <line number="600" hits="0" branch="False" />
                <line number="601" hits="0" branch="False" />
              </lines>
            </method>
            <method name="BuildProviderMetaData" signature="()" line-rate="0" branch-rate="1" complexity="1">
              <lines>
                <line number="605" hits="0" branch="False" />
                <line number="606" hits="0" branch="False" />
                <line number="608" hits="0" branch="False" />
                <line number="609" hits="0" branch="False" />
                <line number="610" hits="0" branch="False" />
                <line number="611" hits="0" branch="False" />
                <line number="612" hits="0" branch="False" />
                <line number="614" hits="0" branch="False" />
                <line number="615" hits="0" branch="False" />
              </lines>
            </method>
            <method name="WriteStringField" signature="(Google.Protobuf.CodedOutputStream,System.Int32,System.String)" line-rate="0" branch-rate="0" complexity="2">
              <lines>
                <line number="619" hits="0" branch="True" condition-coverage="0% (0/2)">
                  <conditions>
                    <condition number="6" type="jump" coverage="0%" />
                  </conditions>
                </line>
                <line number="621" hits="0" branch="False" />
                <line number="624" hits="0" branch="False" />
                <line number="625" hits="0" branch="False" />
                <line number="626" hits="0" branch="False" />
              </lines>
            </method>
            <method name="GetManifestGzipped" signature="()" line-rate="0" branch-rate="1" complexity="1">
              <lines>
                <line number="630" hits="0" branch="False" />
                <line number="631" hits="0" branch="False" />
                <line number="632" hits="0" branch="False" />
                <line number="633" hits="0" branch="False" />
                <line number="634" hits="0" branch="False" />
                <line number="635" hits="0" branch="False" />
                <line number="636" hits="0" branch="False" />
                <line number="637" hits="0" branch="False" />
                <line number="638" hits="0" branch="False" />
                <line number="639" hits="0" branch="False" />
                <line number="640" hits="0" branch="False" />
                <line number="641" hits="0" branch="False" />
                <line number="642" hits="0" branch="False" />
                <line number="643" hits="0" branch="False" />
                <line number="644" hits="0" branch="False" />
                <line number="645" hits="0" branch="False" />
                <line number="646" hits="0" branch="False" />
                <line number="647" hits="0" branch="False" />
                <line number="648" hits="0" branch="False" />
                <line number="650" hits="0" branch="False" />
                <line number="651" hits="0" branch="False" />
                <line number="652" hits="0" branch="False" />
                <line number="654" hits="0" branch="False" />
                <line number="655" hits="0" branch="False" />
                <line number="657" hits="0" branch="False" />
                <line number="658" hits="0" branch="False" />
              </lines>
            </method>
            <method name="StartHeartbeatLoop" signature="()" line-rate="0" branch-rate="0" complexity="4">
              <lines>
                <line number="662" hits="0" branch="True" condition-coverage="0% (0/2)">
                  <conditions>
                    <condition number="7" type="jump" coverage="0%" />
                  </conditions>
                </line>
                <line number="663" hits="0" branch="True" condition-coverage="0% (0/2)">
                  <conditions>
                    <condition number="24" type="jump" coverage="0%" />
                  </conditions>
                </line>
                <line number="664" hits="0" branch="False" />
                <line number="665" hits="0" branch="False" />
                <line number="666" hits="0" branch="False" />
              </lines>
            </method>
            <method name="Dispose" signature="()" line-rate="1" branch-rate="1" complexity="2">
              <lines>
                <line number="748" hits="43" branch="True" condition-coverage="100% (2/2)">
                  <conditions>
                    <condition number="6" type="jump" coverage="100%" />
                  </conditions>
                </line>
                <line number="749" hits="1" branch="False" />
                <line number="751" hits="42" branch="False" />
                <line number="753" hits="42" branch="False" />
                <line number="754" hits="42" branch="False" />
                <line number="756" hits="42" branch="False" />
                <line number="757" hits="42" branch="False" />
                <line number="758" hits="42" branch="False" />
              </lines>
            </method>
            <method name="&lt;ConnectAsync&gt;b__23_0" signature="()" line-rate="0" branch-rate="1" complexity="1">
              <lines>
                <line number="132" hits="0" branch="False" />
              </lines>
            </method>
            <method name=".ctor" signature="(Croupier.Sdk.Models.ClientConfig,Croupier.Sdk.Logging.ICroupierLogger)" line-rate="1" branch-rate="1" complexity="1">
              <lines>
                <line number="71" hits="65" branch="False" />
                <line number="72" hits="65" branch="False" />
                <line number="73" hits="65" branch="False" />
                <line number="74" hits="77" branch="False" />
                <line number="76" hits="65" branch="False" />
              </lines>
            </method>
            <method name=".ctor" signature="(Croupier.Sdk.Models.ClientConfig,Croupier.Sdk.Logging.ICroupierLogger,System.Func`5&lt;System.String,System.Int32,System.Int32,Croupier.Sdk.Logging.ICroupierLogger,Croupier.Sdk.Transport.IClientTransport&gt;)" line-rate="1" branch-rate="1" complexity="4">
              <lines>
                <line number="48" hits="65" branch="False" />
                <line number="78" hits="65" branch="False" />
                <line number="79" hits="65" branch="False" />
                <line number="80" hits="65" branch="False" />
                <line number="81" hits="65" branch="False" />
                <line number="83" hits="65" branch="True" condition-coverage="100% (2/2)">
                  <conditions>
                    <condition number="20" type="jump" coverage="100%" />
                  </conditions>
                </line>
                <line number="84" hits="65" branch="True" condition-coverage="100% (2/2)">
                  <conditions>
                    <condition number="36" type="jump" coverage="100%" />
                  </conditions>
                </line>
                <line number="85" hits="65" branch="False" />
                <line number="86" hits="65" branch="False" />
                <line number="87" hits="65" branch="False" />
                <line number="88" hits="65" branch="False" />
                <line number="89" hits="65" branch="False" />
                <line number="91" hits="65" branch="False" />
                <line number="92" hits="65" branch="False" />
              </lines>
            </method>
            <method name=".ctor" signature="(Croupier.Sdk.Models.ClientConfig,Microsoft.Extensions.Logging.ILogger)" line-rate="0" branch-rate="1" complexity="1">
              <lines>
                <line number="100" hits="0" branch="False" />
                <line number="101" hits="0" branch="False" />
                <line number="102" hits="0" branch="False" />
                <line number="103" hits="0" branch="False" />
                <line number="105" hits="0" branch="False" />
              </lines>
            </method>
          </methods>
          <lines>
            <line number="53" hits="3" branch="False" />
            <line number="58" hits="5" branch="True" condition-coverage="50% (1/2)">
              <conditions>
                <condition number="6" type="jump" coverage="50%" />
              </conditions>
            </line>
            <line number="63" hits="1" branch="False" />
            <line number="149" hits="48" branch="False" />
            <line number="151" hits="48" branch="True" condition-coverage="50% (1/2)">
              <conditions>
                <condition number="12" type="jump" coverage="50%" />
              </conditions>
            </line>
            <line number="152" hits="48" branch="False" />
            <line number="154" hits="0" branch="False" />
            <line number="157" hits="0" branch="False" />
            <line number="158" hits="0" branch="True" condition-coverage="0% (0/2)">
              <conditions>
                <condition number="54" type="jump" coverage="0%" />
              </conditions>
            </line>
            <line number="159" hits="0" branch="False" />
            <line number="162" hits="0" branch="True" condition-coverage="0% (0/2)">
              <conditions>
                <condition number="78" type="jump" coverage="0%" />
              </conditions>
            </line>
            <line number="163" hits="0" branch="False" />
            <line number="168" hits="0" branch="True" condition-coverage="0% (0/2)">
              <conditions>
                <condition number="102" type="jump" coverage="0%" />
              </conditions>
            </line>
            <line number="169" hits="0" branch="True" condition-coverage="0% (0/2)">
              <conditions>
                <condition number="134" type="jump" coverage="0%" />
              </conditions>
            </line>
            <line number="170" hits="0" branch="False" />
            <line number="171" hits="0" branch="False" />
            <line number="174" hits="0" branch="False" />
            <line number="175" hits="0" branch="False" />
            <line number="178" hits="0" branch="False" />
            <line number="180" hits="0" branch="True" condition-coverage="0% (0/2)">
              <conditions>
                <condition number="174" type="jump" coverage="0%" />
              </conditions>
            </line>
            <line number="181" hits="0" branch="False" />
            <line number="182" hits="0" branch="False" />
            <line number="183" hits="0" branch="False" />
            <line number="185" hits="0" branch="False" />
            <line number="186" hits="0" branch="False" />
            <line number="196" hits="11" branch="False" />
            <line number="198" hits="10" branch="True" condition-coverage="100% (2/2)">
              <conditions>
                <condition number="12" type="jump" coverage="100%" />
              </conditions>
            </line>
            <line number="199" hits="1" branch="False" />
            <line number="201" hits="9" branch="False" />
            <line number="203" hits="9" branch="True" condition-coverage="100% (2/2)">
              <conditions>
                <condition number="50" type="jump" coverage="100%" />
              </conditions>
            </line>
            <line number="205" hits="1" branch="False" />
            <line number="206" hits="1" branch="False" />
            <line number="209" hits="9" branch="False" />
            <line number="211" hits="9" branch="False" />
            <line number="212" hits="9" branch="False" />
            <line number="221" hits="9" branch="False" />
            <line number="222" hits="7" branch="False" />
            <line number="231" hits="1" branch="False" />
            <line number="232" hits="1" branch="False" />
            <line number="241" hits="2" branch="False" />
            <line number="243" hits="2" branch="True" condition-coverage="100% (2/2)">
              <conditions>
                <condition number="20" type="jump" coverage="100%" />
              </conditions>
            </line>
            <line number="245" hits="1" branch="False" />
            <line number="246" hits="1" branch="False" />
            <line number="247" hits="1" branch="False" />
            <line number="250" hits="1" branch="False" />
            <line number="332" hits="0" branch="False" />
            <line number="334" hits="0" branch="True" condition-coverage="0% (0/2)">
              <conditions>
                <condition number="28" type="jump" coverage="0%" />
              </conditions>
            </line>
            <line number="336" hits="0" branch="True" condition-coverage="0% (0/2)">
              <conditions>
                <condition number="79" type="jump" coverage="0%" />
              </conditions>
            </line>
            <line number="338" hits="0" branch="False" />
            <line number="342" hits="0" branch="True" condition-coverage="0% (0/2)">
              <conditions>
                <condition number="108" type="jump" coverage="0%" />
              </conditions>
            </line>
            <line number="344" hits="0" branch="False" />
            <line number="347" hits="0" branch="True" condition-coverage="0% (0/2)">
              <conditions>
                <condition number="138" type="jump" coverage="0%" />
              </conditions>
            </line>
            <line number="349" hits="0" branch="False" />
            <line number="351" hits="0" branch="True" condition-coverage="0% (0/4)">
              <conditions>
                <condition number="175" type="jump" coverage="0%" />
                <condition number="188" type="jump" coverage="0%" />
              </conditions>
            </line>
            <line number="353" hits="0" branch="False" />
            <line number="356" hits="0" branch="True" condition-coverage="0% (0/2)">
              <conditions>
                <condition number="223" type="jump" coverage="0%" />
              </conditions>
            </line>
            <line number="358" hits="0" branch="False" />
            <line number="360" hits="0" branch="True" condition-coverage="0% (0/4)">
              <conditions>
                <condition number="260" type="jump" coverage="0%" />
                <condition number="273" type="jump" coverage="0%" />
              </conditions>
            </line>
            <line number="362" hits="0" branch="False" />
            <line number="365" hits="0" branch="True" condition-coverage="0% (0/4)">
              <conditions>
                <condition number="313" type="jump" coverage="0%" />
                <condition number="326" type="jump" coverage="0%" />
              </conditions>
            </line>
            <line number="367" hits="0" branch="False" />
            <line number="370" hits="0" branch="False" />
            <line number="378" hits="0" branch="False" />
            <line number="379" hits="0" branch="False" />
            <line number="380" hits="0" branch="False" />
            <line number="489" hits="71" branch="True" condition-coverage="100% (2/2)">
              <conditions>
                <condition number="6" type="jump" coverage="100%" />
              </conditions>
            </line>
            <line number="490" hits="1" branch="False" />
            <line number="491" hits="70" branch="False" />
            <line number="532" hits="0" branch="False" />
            <line number="533" hits="0" branch="False" />
            <line number="534" hits="0" branch="False" />
            <line number="535" hits="0" branch="False" />
            <line number="536" hits="0" branch="False" />
            <line number="537" hits="0" branch="False" />
            <line number="538" hits="0" branch="False" />
            <line number="539" hits="0" branch="False" />
            <line number="541" hits="0" branch="True" condition-coverage="0% (0/2)">
              <conditions>
                <condition number="244" type="jump" coverage="0%" />
              </conditions>
            </line>
            <line number="543" hits="0" branch="True" condition-coverage="0% (0/8)">
              <conditions>
                <condition number="157" type="jump" coverage="0%" />
                <condition number="178" type="jump" coverage="0%" />
                <condition number="199" type="jump" coverage="0%" />
                <condition number="220" type="jump" coverage="0%" />
              </conditions>
            </line>
            <line number="544" hits="0" branch="False" />
            <line number="545" hits="0" branch="False" />
            <line number="546" hits="0" branch="False" />
            <line number="547" hits="0" branch="False" />
            <line number="548" hits="0" branch="False" />
            <line number="549" hits="0" branch="False" />
            <line number="550" hits="0" branch="False" />
            <line number="551" hits="0" branch="False" />
            <line number="554" hits="0" branch="False" />
            <line number="589" hits="0" branch="False" />
            <line number="590" hits="0" branch="False" />
            <line number="592" hits="0" branch="False" />
            <line number="593" hits="0" branch="False" />
            <line number="594" hits="0" branch="False" />
            <line number="596" hits="0" branch="False" />
            <line number="597" hits="0" branch="False" />
            <line number="598" hits="0" branch="False" />
            <line number="600" hits="0" branch="False" />
            <line number="601" hits="0" branch="False" />
            <line number="605" hits="0" branch="False" />
            <line number="606" hits="0" branch="False" />
            <line number="608" hits="0" branch="False" />
            <line number="609" hits="0" branch="False" />
            <line number="610" hits="0" branch="False" />
            <line number="611" hits="0" branch="False" />
            <line number="612" hits="0" branch="False" />
            <line number="614" hits="0" branch="False" />
            <line number="615" hits="0" branch="False" />
            <line number="619" hits="0" branch="True" condition-coverage="0% (0/2)">
              <conditions>
                <condition number="6" type="jump" coverage="0%" />
              </conditions>
            </line>
            <line number="621" hits="0" branch="False" />
            <line number="624" hits="0" branch="False" />
            <line number="625" hits="0" branch="False" />
            <line number="626" hits="0" branch="False" />
            <line number="630" hits="0" branch="False" />
            <line number="631" hits="0" branch="False" />
            <line number="632" hits="0" branch="False" />
            <line number="633" hits="0" branch="False" />
            <line number="634" hits="0" branch="False" />
            <line number="635" hits="0" branch="False" />
            <line number="636" hits="0" branch="False" />
            <line number="637" hits="0" branch="False" />
            <line number="638" hits="0" branch="False" />
            <line number="639" hits="0" branch="False" />
            <line number="640" hits="0" branch="False" />
            <line number="641" hits="0" branch="False" />
            <line number="642" hits="0" branch="False" />
            <line number="643" hits="0" branch="False" />
            <line number="644" hits="0" branch="False" />
            <line number="645" hits="0" branch="False" />
            <line number="646" hits="0" branch="False" />
            <line number="647" hits="0" branch="False" />
            <line number="648" hits="0" branch="False" />
            <line number="650" hits="0" branch="False" />
            <line number="651" hits="0" branch="False" />
            <line number="652" hits="0" branch="False" />
            <line number="654" hits="0" branch="False" />
            <line number="655" hits="0" branch="False" />
            <line number="657" hits="0" branch="False" />
            <line number="658" hits="0" branch="False" />
            <line number="662" hits="0" branch="True" condition-coverage="0% (0/2)">
              <conditions>
                <condition number="7" type="jump" coverage="0%" />
              </conditions>
            </line>
            <line number="663" hits="0" branch="True" condition-coverage="0% (0/2)">
              <conditions>
                <condition number="24" type="jump" coverage="0%" />
              </conditions>
            </line>
            <line number="664" hits="0" branch="False" />
            <line number="665" hits="0" branch="False" />
            <line number="666" hits="0" branch="False" />
            <line number="748" hits="43" branch="True" condition-coverage="100% (2/2)">
              <conditions>
                <condition number="6" type="jump" coverage="100%" />
              </conditions>
            </line>
            <line number="749" hits="1" branch="False" />
            <line number="751" hits="42" branch="False" />
            <line number="753" hits="42" branch="False" />
            <line number="754" hits="42" branch="False" />
            <line number="756" hits="42" branch="False" />
            <line number="757" hits="42" branch="False" />
            <line number="758" hits="42" branch="False" />
            <line number="132" hits="0" branch="False" />
            <line number="71" hits="65" branch="False" />
            <line number="72" hits="65" branch="False" />
            <line number="73" hits="65" branch="False" />
            <line number="74" hits="77" branch="False" />
            <line number="76" hits="65" branch="False" />
            <line number="48" hits="65" branch="False" />
            <line number="78" hits="65" branch="False" />
            <line number="79" hits="65" branch="False" />
            <line number="80" hits="65" branch="False" />
            <line number="81" hits="65" branch="False" />
            <line number="83" hits="65" branch="True" condition-coverage="100% (2/2)">
              <conditions>
                <condition number="20" type="jump" coverage="100%" />
              </conditions>
            </line>
            <line number="84" hits="65" branch="True" condition-coverage="100% (2/2)">
              <conditions>
                <condition number="36" type="jump" coverage="100%" />
              </conditions>
            </line>
            <line number="85" hits="65" branch="False" />
            <line number="86" hits="65" branch="False" />
            <line number="87" hits="65" branch="False" />
            <line number="88" hits="65" branch="False" />
            <line number="89" hits="65" branch="False" />
            <line number="91" hits="65" branch="False" />
            <line number="92" hits="65" branch="False" />
            <line number="100" hits="0" branch="False" />
            <line number="101" hits="0" branch="False" />
            <line number="102" hits="0" branch="False" />
            <line number="103" hits="0" branch="False" />
            <line number="105" hits="0" branch="False" />
          </lines>
        </class>
        <class name="Croupier.Sdk.CroupierClient/FunctionCallTask" filename="CroupierClient.cs" line-rate="0" branch-rate="1" complexity="8">
          <methods>
            <method name="get_FunctionId" signature="()" line-rate="0" branch-rate="1" complexity="1">
              <lines>
                <line number="765" hits="0" branch="False" />
              </lines>
            </method>
            <method name="get_CallId" signature="()" line-rate="0" branch-rate="1" complexity="1">
              <lines>
                <line number="766" hits="0" branch="False" />
              </lines>
            </method>
            <method name="get_GameId" signature="()" line-rate="0" branch-rate="1" complexity="1">
              <lines>
                <line number="767" hits="0" branch="False" />
              </lines>
            </method>
            <method name="get_Env" signature="()" line-rate="0" branch-rate="1" complexity="1">
              <lines>
                <line number="768" hits="0" branch="False" />
              </lines>
            </method>
            <method name="get_Payload" signature="()" line-rate="0" branch-rate="1" complexity="1">
              <lines>
                <line number="769" hits="0" branch="False" />
              </lines>
            </method>
            <method name="get_UserId" signature="()" line-rate="0" branch-rate="1" complexity="1">
              <lines>
                <line number="770" hits="0" branch="False" />
              </lines>
            </method>
            <method name="get_IdempotencyKey" signature="()" line-rate="0" branch-rate="1" complexity="1">
              <lines>
                <line number="771" hits="0" branch="False" />
              </lines>
            </method>
            <method name="get_CallerServiceId" signature="()" line-rate="0" branch-rate="1" complexity="1">
              <lines>
                <line number="772" hits="0" branch="False" />
              </lines>
            </method>
          </methods>
          <lines>
            <line number="765" hits="0" branch="False" />
            <line number="766" hits="0" branch="False" />
            <line number="767" hits="0" branch="False" />
            <line number="768" hits="0" branch="False" />
            <line number="769" hits="0" branch="False" />
            <line number="770" hits="0" branch="False" />
            <line number="771" hits="0" branch="False" />
            <line number="772" hits="0" branch="False" />
          </lines>
        </class>
        <class name="Croupier.Sdk.CroupierClient/&lt;&gt;c__DisplayClass35_0" filename="CroupierClient.cs" line-rate="0" branch-rate="1" complexity="1">
          <methods>
            <method name="&lt;ProcessCallsAsync&gt;b__0" signature="()" line-rate="0" branch-rate="1" complexity="1">
              <lines>
                <line number="481" hits="0" branch="False" />
              </lines>
            </method>
          </methods>
          <lines>
            <line number="481" hits="0" branch="False" />
          </lines>
        </class>
        <class name="Croupier.Sdk.CroupierClient/&lt;ConnectAndRegisterAsync&gt;d__37" filename="CroupierClient.cs" line-rate="0.22719999999999999" branch-rate="0.1666" complexity="6">
          <methods>
            <method name="MoveNext" signature="()" line-rate="0.22719999999999999" branch-rate="0.1666" complexity="6">
              <lines>
                <line number="496" hits="12" branch="True" condition-coverage="50% (1/2)">
                  <conditions>
                    <condition number="42" type="jump" coverage="50%" />
                  </conditions>
                </line>
                <line number="497" hits="12" branch="False" />
                <line number="498" hits="12" branch="False" />
                <line number="499" hits="12" branch="False" />
                <line number="500" hits="11" branch="False" />
                <line number="504" hits="0" branch="False" />
                <line number="505" hits="0" branch="False" />
                <line number="506" hits="0" branch="False" />
                <line number="507" hits="0" branch="False" />
                <line number="508" hits="0" branch="False" />
                <line number="509" hits="0" branch="True" condition-coverage="0% (0/2)">
                  <conditions>
                    <condition number="328" type="jump" coverage="0%" />
                  </conditions>
                </line>
                <line number="511" hits="0" branch="False" />
                <line number="514" hits="0" branch="True" condition-coverage="0% (0/2)">
                  <conditions>
                    <condition number="348" type="jump" coverage="0%" />
                  </conditions>
                </line>
                <line number="515" hits="0" branch="False" />
                <line number="516" hits="0" branch="False" />
                <line number="519" hits="0" branch="False" />
                <line number="521" hits="0" branch="False" />
                <line number="522" hits="0" branch="False" />
                <line number="523" hits="0" branch="False" />
                <line number="525" hits="0" branch="False" />
                <line number="526" hits="0" branch="False" />
                <line number="528" hits="0" branch="False" />
              </lines>
            </method>
          </methods>
          <lines>
            <line number="496" hits="12" branch="True" condition-coverage="50% (1/2)">
              <conditions>
                <condition number="42" type="jump" coverage="50%" />
              </conditions>
            </line>
            <line number="497" hits="12" branch="False" />
            <line number="498" hits="12" branch="False" />
            <line number="499" hits="12" branch="False" />
            <line number="500" hits="11" branch="False" />
            <line number="504" hits="0" branch="False" />
            <line number="505" hits="0" branch="False" />
            <line number="506" hits="0" branch="False" />
            <line number="507" hits="0" branch="False" />
            <line number="508" hits="0" branch="False" />
            <line number="509" hits="0" branch="True" condition-coverage="0% (0/2)">
              <conditions>
                <condition number="328" type="jump" coverage="0%" />
              </conditions>
            </line>
            <line number="511" hits="0" branch="False" />
            <line number="514" hits="0" branch="True" condition-coverage="0% (0/2)">
              <conditions>
                <condition number="348" type="jump" coverage="0%" />
              </conditions>
            </line>
            <line number="515" hits="0" branch="False" />
            <line number="516" hits="0" branch="False" />
            <line number="519" hits="0" branch="False" />
            <line number="521" hits="0" branch="False" />
            <line number="522" hits="0" branch="False" />
            <line number="523" hits="0" branch="False" />
            <line number="525" hits="0" branch="False" />
            <line number="526" hits="0" branch="False" />
            <line number="528" hits="0" branch="False" />
          </lines>
        </class>
        <class name="Croupier.Sdk.CroupierClient/&lt;ConnectAsync&gt;d__23" filename="CroupierClient.cs" line-rate="0.46659999999999996" branch-rate="0.5" complexity="2">
          <methods>
            <method name="MoveNext" signature="()" line-rate="0.46659999999999996" branch-rate="0.5" complexity="2">
              <lines>
                <line number="113" hits="3" branch="False" />
                <line number="115" hits="3" branch="True" condition-coverage="50% (1/2)">
                  <conditions>
                    <condition number="30" type="jump" coverage="50%" />
                  </conditions>
                </line>
                <line number="117" hits="0" branch="False" />
                <line number="118" hits="0" branch="False" />
                <line number="121" hits="3" branch="False" />
                <line number="125" hits="3" branch="False" />
                <line number="127" hits="0" branch="False" />
                <line number="129" hits="0" branch="False" />
                <line number="133" hits="0" branch="False" />
                <line number="135" hits="0" branch="False" />
                <line number="136" hits="0" branch="False" />
                <line number="137" hits="3" branch="False" />
                <line number="139" hits="3" branch="False" />
                <line number="140" hits="3" branch="False" />
                <line number="142" hits="0" branch="False" />
              </lines>
            </method>
          </methods>
          <lines>
            <line number="113" hits="3" branch="False" />
            <line number="115" hits="3" branch="True" condition-coverage="50% (1/2)">
              <conditions>
                <condition number="30" type="jump" coverage="50%" />
              </conditions>
            </line>
            <line number="117" hits="0" branch="False" />
            <line number="118" hits="0" branch="False" />
            <line number="121" hits="3" branch="False" />
            <line number="125" hits="3" branch="False" />
            <line number="127" hits="0" branch="False" />
            <line number="129" hits="0" branch="False" />
            <line number="133" hits="0" branch="False" />
            <line number="135" hits="0" branch="False" />
            <line number="136" hits="0" branch="False" />
            <line number="137" hits="3" branch="False" />
            <line number="139" hits="3" branch="False" />
            <line number="140" hits="3" branch="False" />
            <line number="142" hits="0" branch="False" />
          </lines>
        </class>
        <class name="Croupier.Sdk.CroupierClient/&lt;HandleInboundRequestAsync&gt;d__34" filename="CroupierClient.cs" line-rate="0" branch-rate="0" complexity="12">
          <methods>
            <method name="MoveNext" signature="()" line-rate="0" branch-rate="0" complexity="12">
              <lines>
                <line number="429" hits="0" branch="True" condition-coverage="0% (0/2)">
                  <conditions>
                    <condition number="31" type="jump" coverage="0%" />
                  </conditions>
                </line>
                <line number="431" hits="0" branch="False" />
                <line number="432" hits="0" branch="False" />
                <line number="435" hits="0" branch="False" />
                <line number="436" hits="0" branch="False" />
                <line number="437" hits="0" branch="False" />
                <line number="438" hits="0" branch="False" />
                <line number="441" hits="0" branch="True" condition-coverage="0% (0/10)">
                  <conditions>
                    <condition number="189" type="jump" coverage="0%" />
                    <condition number="204" type="jump" coverage="0%" />
                    <condition number="221" type="jump" coverage="0%" />
                    <condition number="236" type="jump" coverage="0%" />
                    <condition number="277" type="jump" coverage="0%" />
                  </conditions>
                </line>
                <line number="442" hits="0" branch="False" />
                <line number="443" hits="0" branch="False" />
                <line number="444" hits="0" branch="False" />
                <line number="445" hits="0" branch="False" />
                <line number="446" hits="0" branch="False" />
                <line number="447" hits="0" branch="False" />
                <line number="448" hits="0" branch="False" />
                <line number="449" hits="0" branch="False" />
                <line number="450" hits="0" branch="False" />
                <line number="451" hits="0" branch="False" />
                <line number="454" hits="0" branch="False" />
                <line number="457" hits="0" branch="False" />
                <line number="458" hits="0" branch="False" />
                <line number="459" hits="0" branch="False" />
                <line number="460" hits="0" branch="False" />
                <line number="461" hits="0" branch="False" />
                <line number="464" hits="0" branch="False" />
                <line number="465" hits="0" branch="False" />
                <line number="466" hits="0" branch="False" />
                <line number="467" hits="0" branch="False" />
                <line number="468" hits="0" branch="False" />
                <line number="469" hits="0" branch="False" />
                <line number="470" hits="0" branch="False" />
              </lines>
            </method>
          </methods>
          <lines>
            <line number="429" hits="0" branch="True" condition-coverage="0% (0/2)">
              <conditions>
                <condition number="31" type="jump" coverage="0%" />
              </conditions>
            </line>
            <line number="431" hits="0" branch="False" />
            <line number="432" hits="0" branch="False" />
            <line number="435" hits="0" branch="False" />
            <line number="436" hits="0" branch="False" />
            <line number="437" hits="0" branch="False" />
            <line number="438" hits="0" branch="False" />
            <line number="441" hits="0" branch="True" condition-coverage="0% (0/10)">
              <conditions>
                <condition number="189" type="jump" coverage="0%" />
                <condition number="204" type="jump" coverage="0%" />
                <condition number="221" type="jump" coverage="0%" />
                <condition number="236" type="jump" coverage="0%" />
                <condition number="277" type="jump" coverage="0%" />
              </conditions>
            </line>
            <line number="442" hits="0" branch="False" />
            <line number="443" hits="0" branch="False" />
            <line number="444" hits="0" branch="False" />
            <line number="445" hits="0" branch="False" />
            <line number="446" hits="0" branch="False" />
            <line number="447" hits="0" branch="False" />
            <line number="448" hits="0" branch="False" />
            <line number="449" hits="0" branch="False" />
            <line number="450" hits="0" branch="False" />
            <line number="451" hits="0" branch="False" />
            <line number="454" hits="0" branch="False" />
            <line number="457" hits="0" branch="False" />
            <line number="458" hits="0" branch="False" />
            <line number="459" hits="0" branch="False" />
            <line number="460" hits="0" branch="False" />
            <line number="461" hits="0" branch="False" />
            <line number="464" hits="0" branch="False" />
            <line number="465" hits="0" branch="False" />
            <line number="466" hits="0" branch="False" />
            <line number="467" hits="0" branch="False" />
            <line number="468" hits="0" branch="False" />
            <line number="469" hits="0" branch="False" />
            <line number="470" hits="0" branch="False" />
          </lines>
        </class>
        <class name="Croupier.Sdk.CroupierClient/&lt;HeartbeatLoopAsync&gt;d__45" filename="CroupierClient.cs" line-rate="0" branch-rate="0" complexity="4">
          <methods>
            <method name="MoveNext" signature="()" line-rate="0" branch-rate="0" complexity="4">
              <lines>
                <line number="670" hits="0" branch="False" />
                <line number="672" hits="0" branch="True" condition-coverage="0% (0/2)">
                  <conditions>
                    <condition number="488" type="jump" coverage="0%" />
                  </conditions>
                </line>
                <line number="676" hits="0" branch="False" />
                <line number="677" hits="0" branch="False" />
                <line number="678" hits="0" branch="False" />
                <line number="679" hits="0" branch="False" />
                <line number="681" hits="0" branch="False" />
                <line number="683" hits="0" branch="False" />
                <line number="685" hits="0" branch="False" />
                <line number="686" hits="0" branch="True" condition-coverage="0% (0/2)">
                  <conditions>
                    <condition number="374" type="jump" coverage="0%" />
                  </conditions>
                </line>
                <line number="691" hits="0" branch="False" />
                <line number="694" hits="0" branch="False" />
              </lines>
            </method>
          </methods>
          <lines>
            <line number="670" hits="0" branch="False" />
            <line number="672" hits="0" branch="True" condition-coverage="0% (0/2)">
              <conditions>
                <condition number="488" type="jump" coverage="0%" />
              </conditions>
            </line>
            <line number="676" hits="0" branch="False" />
            <line number="677" hits="0" branch="False" />
            <line number="678" hits="0" branch="False" />
            <line number="679" hits="0" branch="False" />
            <line number="681" hits="0" branch="False" />
            <line number="683" hits="0" branch="False" />
            <line number="685" hits="0" branch="False" />
            <line number="686" hits="0" branch="True" condition-coverage="0% (0/2)">
              <conditions>
                <condition number="374" type="jump" coverage="0%" />
              </conditions>
            </line>
            <line number="691" hits="0" branch="False" />
            <line number="694" hits="0" branch="False" />
          </lines>
        </class>
        <class name="Croupier.Sdk.CroupierClient/&lt;InvokeAsync&gt;d__30" filename="CroupierClient.cs" line-rate="0.3461" branch-rate="0.4" complexity="10">
          <methods>
            <method name="MoveNext" signature="()" line-rate="0.3461" branch-rate="0.4" complexity="10">
              <lines>
                <line number="286" hits="7" branch="False" />
                <line number="288" hits="7" branch="True" condition-coverage="100% (2/2)">
                  <conditions>
                    <condition number="32" type="jump" coverage="100%" />
                  </conditions>
                </line>
                <line number="289" hits="7" branch="False" />
                <line number="290" hits="7" branch="False" />
                <line number="291" hits="7" branch="False" />
                <line number="292" hits="7" branch="False" />
                <line number="294" hits="7" branch="False" />
                <line number="296" hits="7" branch="True" condition-coverage="50% (2/4)">
                  <conditions>
                    <condition number="117" type="jump" coverage="50%" />
                    <condition number="130" type="jump" coverage="50%" />
                  </conditions>
                </line>
                <line number="298" hits="7" branch="False" />
                <line number="302" hits="0" branch="False" />
                <line number="303" hits="0" branch="False" />
                <line number="304" hits="0" branch="False" />
                <line number="305" hits="0" branch="False" />
                <line number="306" hits="0" branch="False" />
                <line number="308" hits="0" branch="True" condition-coverage="0% (0/2)">
                  <conditions>
                    <condition number="194" type="jump" coverage="0%" />
                  </conditions>
                </line>
                <line number="310" hits="0" branch="False" />
                <line number="313" hits="0" branch="True" condition-coverage="0% (0/2)">
                  <conditions>
                    <condition number="275" type="jump" coverage="0%" />
                  </conditions>
                </line>
                <line number="315" hits="0" branch="False" />
                <line number="319" hits="0" branch="False" />
                <line number="320" hits="0" branch="False" />
                <line number="321" hits="0" branch="False" />
                <line number="322" hits="0" branch="False" />
                <line number="323" hits="0" branch="False" />
                <line number="326" hits="0" branch="False" />
                <line number="327" hits="0" branch="False" />
                <line number="328" hits="0" branch="False" />
              </lines>
            </method>
          </methods>
          <lines>
            <line number="286" hits="7" branch="False" />
            <line number="288" hits="7" branch="True" condition-coverage="100% (2/2)">
              <conditions>
                <condition number="32" type="jump" coverage="100%" />
              </conditions>
            </line>
            <line number="289" hits="7" branch="False" />
            <line number="290" hits="7" branch="False" />
            <line number="291" hits="7" branch="False" />
            <line number="292" hits="7" branch="False" />
            <line number="294" hits="7" branch="False" />
            <line number="296" hits="7" branch="True" condition-coverage="50% (2/4)">
              <conditions>
                <condition number="117" type="jump" coverage="50%" />
                <condition number="130" type="jump" coverage="50%" />
              </conditions>
            </line>
            <line number="298" hits="7" branch="False" />
            <line number="302" hits="0" branch="False" />
            <line number="303" hits="0" branch="False" />
            <line number="304" hits="0" branch="False" />
            <line number="305" hits="0" branch="False" />
            <line number="306" hits="0" branch="False" />
            <line number="308" hits="0" branch="True" condition-coverage="0% (0/2)">
              <conditions>
                <condition number="194" type="jump" coverage="0%" />
              </conditions>
            </line>
            <line number="310" hits="0" branch="False" />
            <line number="313" hits="0" branch="True" condition-coverage="0% (0/2)">
              <conditions>
                <condition number="275" type="jump" coverage="0%" />
              </conditions>
            </line>
            <line number="315" hits="0" branch="False" />
            <line number="319" hits="0" branch="False" />
            <line number="320" hits="0" branch="False" />
            <line number="321" hits="0" branch="False" />
            <line number="322" hits="0" branch="False" />
            <line number="323" hits="0" branch="False" />
            <line number="326" hits="0" branch="False" />
            <line number="327" hits="0" branch="False" />
            <line number="328" hits="0" branch="False" />
          </lines>
        </class>
        <class name="Croupier.Sdk.CroupierClient/&lt;ProcessCallsAsync&gt;d__35" filename="CroupierClient.cs" line-rate="0" branch-rate="0" complexity="2">
          <methods>
            <method name="MoveNext" signature="()" line-rate="0" branch-rate="0" complexity="2">
              <lines>
                <line number="477" hits="0" branch="False" />
                <line number="479" hits="0" branch="True" condition-coverage="0% (0/2)">
                  <conditions>
                    <condition number="259" type="jump" coverage="0%" />
                  </conditions>
                </line>
                <line number="484" hits="0" branch="False" />
                <line number="485" hits="0" branch="False" />
              </lines>
            </method>
          </methods>
          <lines>
            <line number="477" hits="0" branch="False" />
            <line number="479" hits="0" branch="True" condition-coverage="0% (0/2)">
              <conditions>
                <condition number="259" type="jump" coverage="0%" />
              </conditions>
            </line>
            <line number="484" hits="0" branch="False" />
            <line number="485" hits="0" branch="False" />
          </lines>
        </class>
        <class name="Croupier.Sdk.CroupierClient/&lt;ProcessFunctionCallAsync&gt;d__33" filename="CroupierClient.cs" line-rate="0" branch-rate="0" complexity="2">
          <methods>
            <method name="MoveNext" signature="()" line-rate="0" branch-rate="0" complexity="2">
              <lines>
                <line number="387" hits="0" branch="False" />
                <line number="391" hits="0" branch="False" />
                <line number="393" hits="0" branch="True" condition-coverage="0% (0/2)">
                  <conditions>
                    <condition number="96" type="jump" coverage="0%" />
                  </conditions>
                </line>
                <line number="395" hits="0" branch="False" />
                <line number="398" hits="0" branch="False" />
                <line number="399" hits="0" branch="False" />
                <line number="400" hits="0" branch="False" />
                <line number="401" hits="0" branch="False" />
                <line number="402" hits="0" branch="False" />
                <line number="403" hits="0" branch="False" />
                <line number="404" hits="0" branch="False" />
                <line number="405" hits="0" branch="False" />
                <line number="406" hits="0" branch="False" />
                <line number="407" hits="0" branch="False" />
                <line number="408" hits="0" branch="False" />
                <line number="410" hits="0" branch="False" />
                <line number="412" hits="0" branch="False" />
                <line number="413" hits="0" branch="False" />
                <line number="415" hits="0" branch="False" />
                <line number="417" hits="0" branch="False" />
                <line number="419" hits="0" branch="False" />
                <line number="420" hits="0" branch="False" />
                <line number="422" hits="0" branch="False" />
              </lines>
            </method>
          </methods>
          <lines>
            <line number="387" hits="0" branch="False" />
            <line number="391" hits="0" branch="False" />
            <line number="393" hits="0" branch="True" condition-coverage="0% (0/2)">
              <conditions>
                <condition number="96" type="jump" coverage="0%" />
              </conditions>
            </line>
            <line number="395" hits="0" branch="False" />
            <line number="398" hits="0" branch="False" />
            <line number="399" hits="0" branch="False" />
            <line number="400" hits="0" branch="False" />
            <line number="401" hits="0" branch="False" />
            <line number="402" hits="0" branch="False" />
            <line number="403" hits="0" branch="False" />
            <line number="404" hits="0" branch="False" />
            <line number="405" hits="0" branch="False" />
            <line number="406" hits="0" branch="False" />
            <line number="407" hits="0" branch="False" />
            <line number="408" hits="0" branch="False" />
            <line number="410" hits="0" branch="False" />
            <line number="412" hits="0" branch="False" />
            <line number="413" hits="0" branch="False" />
            <line number="415" hits="0" branch="False" />
            <line number="417" hits="0" branch="False" />
            <line number="419" hits="0" branch="False" />
            <line number="420" hits="0" branch="False" />
            <line number="422" hits="0" branch="False" />
          </lines>
        </class>
        <class name="Croupier.Sdk.CroupierClient/&lt;ReconnectAsync&gt;d__47" filename="CroupierClient.cs" line-rate="0.75" branch-rate="0.75" complexity="8">
          <methods>
            <method name="MoveNext" signature="()" line-rate="0.75" branch-rate="0.75" complexity="8">
              <lines>
                <line number="714" hits="8" branch="True" condition-coverage="50% (1/2)">
                  <conditions>
                    <condition number="31" type="jump" coverage="50%" />
                  </conditions>
                </line>
                <line number="715" hits="8" branch="False" />
                <line number="716" hits="8" branch="False" />
                <line number="718" hits="8" branch="False" />
                <line number="719" hits="9" branch="True" condition-coverage="50% (1/2)">
                  <conditions>
                    <condition number="562" type="jump" coverage="50%" />
                  </conditions>
                </line>
                <line number="721" hits="9" branch="False" />
                <line number="724" hits="9" branch="False" />
                <line number="725" hits="0" branch="False" />
                <line number="726" hits="0" branch="False" />
                <line number="727" hits="0" branch="False" />
                <line number="729" hits="9" branch="False" />
                <line number="731" hits="2" branch="False" />
                <line number="733" hits="2" branch="True" condition-coverage="100% (4/4)">
                  <conditions>
                    <condition number="390" type="jump" coverage="100%" />
                    <condition number="409" type="jump" coverage="100%" />
                  </conditions>
                </line>
                <line number="735" hits="1" branch="False" />
                <line number="738" hits="1" branch="False" />
                <line number="741" hits="0" branch="False" />
              </lines>
            </method>
          </methods>
          <lines>
            <line number="714" hits="8" branch="True" condition-coverage="50% (1/2)">
              <conditions>
                <condition number="31" type="jump" coverage="50%" />
              </conditions>
            </line>
            <line number="715" hits="8" branch="False" />
            <line number="716" hits="8" branch="False" />
            <line number="718" hits="8" branch="False" />
            <line number="719" hits="9" branch="True" condition-coverage="50% (1/2)">
              <conditions>
                <condition number="562" type="jump" coverage="50%" />
              </conditions>
            </line>
            <line number="721" hits="9" branch="False" />
            <line number="724" hits="9" branch="False" />
            <line number="725" hits="0" branch="False" />
            <line number="726" hits="0" branch="False" />
            <line number="727" hits="0" branch="False" />
            <line number="729" hits="9" branch="False" />
            <line number="731" hits="2" branch="False" />
            <line number="733" hits="2" branch="True" condition-coverage="100% (4/4)">
              <conditions>
                <condition number="390" type="jump" coverage="100%" />
                <condition number="409" type="jump" coverage="100%" />
              </conditions>
            </line>
            <line number="735" hits="1" branch="False" />
            <line number="738" hits="1" branch="False" />
            <line number="741" hits="0" branch="False" />
          </lines>
        </class>
        <class name="Croupier.Sdk.CroupierClient/&lt;RegisterCapabilitiesAsync&gt;d__39" filename="CroupierClient.cs" line-rate="0" branch-rate="0" complexity="6">
          <methods>
            <method name="MoveNext" signature="()" line-rate="0" branch-rate="0" complexity="6">
              <lines>
                <line number="559" hits="0" branch="True" condition-coverage="0% (0/2)">
                  <conditions>
                    <condition number="36" type="jump" coverage="0%" />
                  </conditions>
                </line>
                <line number="561" hits="0" branch="False" />
                <line number="565" hits="0" branch="True" condition-coverage="0% (0/2)">
                  <conditions>
                    <condition number="64" type="jump" coverage="0%" />
                  </conditions>
                </line>
                <line number="566" hits="0" branch="False" />
                <line number="567" hits="0" branch="False" />
                <line number="568" hits="0" branch="False" />
                <line number="569" hits="0" branch="False" />
                <line number="573" hits="0" branch="False" />
                <line number="574" hits="0" branch="False" />
                <line number="575" hits="0" branch="False" />
                <line number="576" hits="0" branch="False" />
                <line number="577" hits="0" branch="False" />
                <line number="578" hits="0" branch="False" />
                <line number="580" hits="0" branch="True" condition-coverage="0% (0/2)">
                  <conditions>
                    <condition number="330" type="jump" coverage="0%" />
                  </conditions>
                </line>
                <line number="582" hits="0" branch="False" />
                <line number="584" hits="0" branch="False" />
                <line number="585" hits="0" branch="False" />
              </lines>
            </method>
          </methods>
          <lines>
            <line number="559" hits="0" branch="True" condition-coverage="0% (0/2)">
              <conditions>
                <condition number="36" type="jump" coverage="0%" />
              </conditions>
            </line>
            <line number="561" hits="0" branch="False" />
            <line number="565" hits="0" branch="True" condition-coverage="0% (0/2)">
              <conditions>
                <condition number="64" type="jump" coverage="0%" />
              </conditions>
            </line>
            <line number="566" hits="0" branch="False" />
            <line number="567" hits="0" branch="False" />
            <line number="568" hits="0" branch="False" />
            <line number="569" hits="0" branch="False" />
            <line number="573" hits="0" branch="False" />
            <line number="574" hits="0" branch="False" />
            <line number="575" hits="0" branch="False" />
            <line number="576" hits="0" branch="False" />
            <line number="577" hits="0" branch="False" />
            <line number="578" hits="0" branch="False" />
            <line number="580" hits="0" branch="True" condition-coverage="0% (0/2)">
              <conditions>
                <condition number="330" type="jump" coverage="0%" />
              </conditions>
            </line>
            <line number="582" hits="0" branch="False" />
            <line number="584" hits="0" branch="False" />
            <line number="585" hits="0" branch="False" />
          </lines>
        </class>
        <class name="Croupier.Sdk.CroupierClient/&lt;SendHeartbeatAsync&gt;d__46" filename="CroupierClient.cs" line-rate="0" branch-rate="0" complexity="6">
          <methods>
            <method name="MoveNext" signature="()" line-rate="0" branch-rate="0" complexity="6">
              <lines>
                <line number="698" hits="0" branch="True" condition-coverage="0% (0/6)">
                  <conditions>
                    <condition number="26" type="jump" coverage="0%" />
                    <condition number="39" type="jump" coverage="0%" />
                    <condition number="52" type="jump" coverage="0%" />
                  </conditions>
                </line>
                <line number="700" hits="0" branch="False" />
                <line number="703" hits="0" branch="False" />
                <line number="704" hits="0" branch="False" />
                <line number="705" hits="0" branch="False" />
                <line number="706" hits="0" branch="False" />
                <line number="707" hits="0" branch="False" />
                <line number="709" hits="0" branch="False" />
                <line number="710" hits="0" branch="False" />
              </lines>
            </method>
          </methods>
          <lines>
            <line number="698" hits="0" branch="True" condition-coverage="0% (0/6)">
              <conditions>
                <condition number="26" type="jump" coverage="0%" />
                <condition number="39" type="jump" coverage="0%" />
                <condition number="52" type="jump" coverage="0%" />
              </conditions>
            </line>
            <line number="700" hits="0" branch="False" />
            <line number="703" hits="0" branch="False" />
            <line number="704" hits="0" branch="False" />
            <line number="705" hits="0" branch="False" />
            <line number="706" hits="0" branch="False" />
            <line number="707" hits="0" branch="False" />
            <line number="709" hits="0" branch="False" />
            <line number="710" hits="0" branch="False" />
          </lines>
        </class>
        <class name="Croupier.Sdk.CroupierClient/&lt;ServeAsync&gt;d__29" filename="CroupierClient.cs" line-rate="0" branch-rate="0" complexity="2">
          <methods>
            <method name="MoveNext" signature="()" line-rate="0" branch-rate="0" complexity="2">
              <lines>
                <line number="259" hits="0" branch="False" />
                <line number="261" hits="0" branch="True" condition-coverage="0% (0/2)">
                  <conditions>
                    <condition number="36" type="jump" coverage="0%" />
                  </conditions>
                </line>
                <line number="262" hits="0" branch="False" />
                <line number="264" hits="0" branch="False" />
                <line number="267" hits="0" branch="False" />
                <line number="269" hits="0" branch="False" />
                <line number="270" hits="0" branch="False" />
              </lines>
            </method>
          </methods>
          <lines>
            <line number="259" hits="0" branch="False" />
            <line number="261" hits="0" branch="True" condition-coverage="0% (0/2)">
              <conditions>
                <condition number="36" type="jump" coverage="0%" />
              </conditions>
            </line>
            <line number="262" hits="0" branch="False" />
            <line number="264" hits="0" branch="False" />
            <line number="267" hits="0" branch="False" />
            <line number="269" hits="0" branch="False" />
            <line number="270" hits="0" branch="False" />
          </lines>
        </class>
        <class name="Croupier.Sdk.CroupierInvoker" filename="CroupierInvoker.cs" line-rate="0.6923" branch-rate="0.41659999999999997" complexity="29">
          <methods>
            <method name="get_AgentAddr" signature="()" line-rate="1" branch-rate="1" complexity="1">
              <lines>
                <line number="41" hits="3" branch="False" />
              </lines>
            </method>
            <method name="get_GameId" signature="()" line-rate="1" branch-rate="1" complexity="1">
              <lines>
                <line number="46" hits="3" branch="False" />
              </lines>
            </method>
            <method name="get_Env" signature="()" line-rate="1" branch-rate="1" complexity="1">
              <lines>
                <line number="51" hits="3" branch="False" />
              </lines>
            </method>
            <method name="EnsureTransportConnected" signature="()" line-rate="0" branch-rate="0" complexity="4">
              <lines>
                <line number="199" hits="0" branch="True" condition-coverage="0% (0/2)">
                  <conditions>
                    <condition number="6" type="jump" coverage="0%" />
                  </conditions>
                </line>
                <line number="201" hits="0" branch="False" />
                <line number="202" hits="0" branch="False" />
                <line number="204" hits="0" branch="True" condition-coverage="0% (0/2)">
                  <conditions>
                    <condition number="66" type="jump" coverage="0%" />
                  </conditions>
                </line>
                <line number="206" hits="0" branch="False" />
                <line number="208" hits="0" branch="False" />
              </lines>
            </method>
            <method name="NormalizeJobEventType" signature="(System.String,System.String)" line-rate="0" branch-rate="0" complexity="8">
              <lines>
                <line number="364" hits="0" branch="True" condition-coverage="0% (0/2)">
                  <conditions>
                    <condition number="12" type="jump" coverage="0%" />
                  </conditions>
                </line>
                <line number="366" hits="0" branch="False" />
                <line number="369" hits="0" branch="True" condition-coverage="0% (0/6)">
                  <conditions>
                    <condition number="32" type="jump" coverage="0%" />
                    <condition number="40" type="jump" coverage="0%" />
                    <condition number="54" type="jump" coverage="0%" />
                  </conditions>
                </line>
                <line number="370" hits="0" branch="False" />
                <line number="371" hits="0" branch="False" />
                <line number="373" hits="0" branch="False" />
                <line number="376" hits="0" branch="False" />
              </lines>
            </method>
            <method name="ThrowIfDisposed" signature="()" line-rate="0.6666" branch-rate="0.5" complexity="2">
              <lines>
                <line number="381" hits="1" branch="True" condition-coverage="50% (1/2)">
                  <conditions>
                    <condition number="6" type="jump" coverage="50%" />
                  </conditions>
                </line>
                <line number="382" hits="1" branch="False" />
                <line number="383" hits="0" branch="False" />
              </lines>
            </method>
            <method name="Dispose" signature="()" line-rate="1" branch-rate="0.75" complexity="4">
              <lines>
                <line number="390" hits="3" branch="True" condition-coverage="100% (2/2)">
                  <conditions>
                    <condition number="6" type="jump" coverage="100%" />
                  </conditions>
                </line>
                <line number="391" hits="1" branch="False" />
                <line number="393" hits="2" branch="False" />
                <line number="395" hits="2" branch="True" condition-coverage="50% (1/2)">
                  <conditions>
                    <condition number="37" type="jump" coverage="50%" />
                  </conditions>
                </line>
                <line number="396" hits="2" branch="False" />
                <line number="398" hits="2" branch="False" />
                <line number="399" hits="2" branch="False" />
                <line number="400" hits="2" branch="False" />
              </lines>
            </method>
[...]
                <line number="89" hits="3" branch="True" condition-coverage="100% (2/2)">
                  <conditions>
                    <condition number="15" type="jump" coverage="100%" />
                  </conditions>
                </line>
                <line number="91" hits="1" branch="False" />
                <line number="94" hits="2" branch="False" />
                <line number="95" hits="2" branch="False" />
                <line number="96" hits="2" branch="False" />
                <line number="97" hits="2" branch="False" />
                <line number="99" hits="2" branch="False" />
              </lines>
            </method>
          </methods>
          <lines>
            <line number="39" hits="13" branch="True" condition-coverage="50% (1/2)">
              <conditions>
                <condition number="14" type="jump" coverage="50%" />
              </conditions>
            </line>
            <line number="41" hits="0" branch="False" />
            <line number="45" hits="13" branch="False" />
            <line number="46" hits="13" branch="False" />
            <line number="47" hits="6" branch="True" condition-coverage="100% (2/2)">
              <conditions>
                <condition number="7" type="jump" coverage="100%" />
              </conditions>
            </line>
            <line number="48" hits="18" branch="False" />
            <line number="51" hits="13" branch="False" />
            <line number="52" hits="13" branch="False" />
            <line number="54" hits="13" branch="False" />
            <line number="67" hits="4" branch="False" />
            <line number="68" hits="3" branch="False" />
            <line number="69" hits="3" branch="False" />
            <line number="71" hits="3" branch="False" />
            <line number="85" hits="3" branch="True" condition-coverage="50% (1/2)">
              <conditions>
                <condition number="1" type="jump" coverage="50%" />
              </conditions>
            </line>
            <line number="87" hits="0" branch="False" />
            <line number="89" hits="3" branch="True" condition-coverage="100% (2/2)">
              <conditions>
                <condition number="15" type="jump" coverage="100%" />
              </conditions>
            </line>
            <line number="91" hits="1" branch="False" />
            <line number="94" hits="2" branch="False" />
            <line number="95" hits="2" branch="False" />
            <line number="96" hits="2" branch="False" />
            <line number="97" hits="2" branch="False" />
            <line number="99" hits="2" branch="False" />
          </lines>
        </class>
        <class name="Croupier.Sdk.Configuration.EnvironmentConfigProvider" filename="Configuration\ClientConfigProvider.cs" line-rate="1" branch-rate="0.6923" complexity="26">
          <methods>
            <method name="GetConfig" signature="()" line-rate="1" branch-rate="0.5" complexity="16">
              <lines>
                <line number="51" hits="16" branch="True" condition-coverage="50% (8/16)">
                  <conditions>
                    <condition number="23" type="jump" coverage="50%" />
                    <condition number="54" type="jump" coverage="50%" />
                    <condition number="103" type="jump" coverage="50%" />
                    <condition number="134" type="jump" coverage="50%" />
                    <condition number="165" type="jump" coverage="50%" />
                    <condition number="304" type="jump" coverage="50%" />
                    <condition number="335" type="jump" coverage="50%" />
                    <condition number="553" type="jump" coverage="50%" />
                  </conditions>
                </line>
                <line number="52" hits="16" branch="False" />
                <line number="53" hits="16" branch="False" />
                <line number="54" hits="16" branch="False" />
                <line number="55" hits="16" branch="False" />
                <line number="56" hits="16" branch="False" />
                <line number="57" hits="16" branch="False" />
                <line number="58" hits="16" branch="False" />
                <line number="59" hits="16" branch="False" />
                <line number="60" hits="16" branch="False" />
                <line number="61" hits="16" branch="False" />
                <line number="62" hits="16" branch="False" />
                <line number="63" hits="16" branch="False" />
                <line number="64" hits="16" branch="False" />
                <line number="65" hits="16" branch="False" />
                <line number="66" hits="16" branch="False" />
                <line number="67" hits="16" branch="False" />
                <line number="68" hits="16" branch="False" />
                <line number="69" hits="16" branch="False" />
                <line number="70" hits="16" branch="False" />
                <line number="71" hits="16" branch="False" />
                <line number="72" hits="16" branch="False" />
                <line number="73" hits="16" branch="False" />
                <line number="74" hits="16" branch="False" />
                <line number="75" hits="16" branch="False" />
                <line number="76" hits="16" branch="False" />
                <line number="77" hits="16" branch="False" />
                <line number="78" hits="16" branch="False" />
                <line number="79" hits="16" branch="False" />
                <line number="80" hits="16" branch="False" />
              </lines>
            </method>
            <method name="GetEnv" signature="(System.String,System.String)" line-rate="1" branch-rate="1" complexity="2">
              <lines>
                <line number="85" hits="432" branch="False" />
                <line number="86" hits="432" branch="True" condition-coverage="100% (2/2)">
                  <conditions>
                    <condition number="18" type="jump" coverage="100%" />
                  </conditions>
                </line>
              </lines>
            </method>
            <method name="GetEnvBool" signature="(System.String,System.Boolean)" line-rate="1" branch-rate="1" complexity="4">
              <lines>
                <line number="91" hits="80" branch="False" />
                <line number="92" hits="80" branch="True" condition-coverage="100% (2/2)">
                  <conditions>
                    <condition number="15" type="jump" coverage="100%" />
                  </conditions>
                </line>
                <line number="93" hits="72" branch="False" />
                <line number="95" hits="8" branch="True" condition-coverage="100% (2/2)">
                  <conditions>
                    <condition number="31" type="jump" coverage="100%" />
                  </conditions>
                </line>
                <line number="96" hits="8" branch="False" />
              </lines>
            </method>
            <method name="GetEnvInt" signature="(System.String,System.Int32)" line-rate="1" branch-rate="1" complexity="2">
              <lines>
                <line number="101" hits="112" branch="False" />
                <line number="102" hits="112" branch="True" condition-coverage="100% (2/2)">
                  <conditions>
                    <condition number="15" type="jump" coverage="100%" />
                  </conditions>
                </line>
              </lines>
            </method>
            <method name=".ctor" signature="(System.String)" line-rate="1" branch-rate="1" complexity="2">
              <lines>
                <line number="41" hits="16" branch="False" />
                <line number="43" hits="16" branch="True" condition-coverage="100% (2/2)">
                  <conditions>
                    <condition number="9" type="jump" coverage="100%" />
                  </conditions>
                </line>
                <line number="44" hits="16" branch="False" />
              </lines>
            </method>
          </methods>
          <lines>
            <line number="51" hits="16" branch="True" condition-coverage="50% (8/16)">
              <conditions>
                <condition number="23" type="jump" coverage="50%" />
                <condition number="54" type="jump" coverage="50%" />
                <condition number="103" type="jump" coverage="50%" />
                <condition number="134" type="jump" coverage="50%" />
                <condition number="165" type="jump" coverage="50%" />
                <condition number="304" type="jump" coverage="50%" />
                <condition number="335" type="jump" coverage="50%" />
                <condition number="553" type="jump" coverage="50%" />
              </conditions>
            </line>
            <line number="52" hits="16" branch="False" />
            <line number="53" hits="16" branch="False" />
            <line number="54" hits="16" branch="False" />
            <line number="55" hits="16" branch="False" />
            <line number="56" hits="16" branch="False" />
            <line number="57" hits="16" branch="False" />
            <line number="58" hits="16" branch="False" />
            <line number="59" hits="16" branch="False" />
            <line number="60" hits="16" branch="False" />
            <line number="61" hits="16" branch="False" />
            <line number="62" hits="16" branch="False" />
            <line number="63" hits="16" branch="False" />
            <line number="64" hits="16" branch="False" />
            <line number="65" hits="16" branch="False" />
            <line number="66" hits="16" branch="False" />
            <line number="67" hits="16" branch="False" />
            <line number="68" hits="16" branch="False" />
            <line number="69" hits="16" branch="False" />
            <line number="70" hits="16" branch="False" />
            <line number="71" hits="16" branch="False" />
            <line number="72" hits="16" branch="False" />
            <line number="73" hits="16" branch="False" />
            <line number="74" hits="16" branch="False" />
            <line number="75" hits="16" branch="False" />
            <line number="76" hits="16" branch="False" />
            <line number="77" hits="16" branch="False" />
            <line number="78" hits="16" branch="False" />
            <line number="79" hits="16" branch="False" />
            <line number="80" hits="16" branch="False" />
            <line number="85" hits="432" branch="False" />
            <line number="86" hits="432" branch="True" condition-coverage="100% (2/2)">
              <conditions>
                <condition number="18" type="jump" coverage="100%" />
              </conditions>
            </line>
            <line number="91" hits="80" branch="False" />
            <line number="92" hits="80" branch="True" condition-coverage="100% (2/2)">
              <conditions>
                <condition number="15" type="jump" coverage="100%" />
              </conditions>
            </line>
            <line number="93" hits="72" branch="False" />
            <line number="95" hits="8" branch="True" condition-coverage="100% (2/2)">
              <conditions>
                <condition number="31" type="jump" coverage="100%" />
              </conditions>
            </line>
            <line number="96" hits="8" branch="False" />
            <line number="101" hits="112" branch="False" />
            <line number="102" hits="112" branch="True" condition-coverage="100% (2/2)">
              <conditions>
                <condition number="15" type="jump" coverage="100%" />
              </conditions>
            </line>
            <line number="41" hits="16" branch="False" />
            <line number="43" hits="16" branch="True" condition-coverage="100% (2/2)">
              <conditions>
                <condition number="9" type="jump" coverage="100%" />
              </conditions>
            </line>
            <line number="44" hits="16" branch="False" />
          </lines>
        </class>
        <class name="Croupier.Sdk.Configuration.JsonFileConfigProvider" filename="Configuration\ClientConfigProvider.cs" line-rate="0.8636" branch-rate="0.75" complexity="16">
          <methods>
            <method name="GetConfig" signature="()" line-rate="1" branch-rate="1" complexity="6">
              <lines>
                <line number="127" hits="3" branch="True" condition-coverage="100% (2/2)">
                  <conditions>
                    <condition number="11" type="jump" coverage="100%" />
                  </conditions>
                </line>
                <line number="128" hits="1" branch="False" />
                <line number="130" hits="2" branch="False" />
                <line number="133" hits="2" branch="False" />
                <line number="136" hits="2" branch="False" />
                <line number="137" hits="120" branch="True" condition-coverage="100% (2/2)">
                  <conditions>
                    <condition number="178" type="jump" coverage="100%" />
                  </conditions>
                </line>
                <line number="139" hits="58" branch="False" />
                <line number="140" hits="58" branch="False" />
                <line number="141" hits="58" branch="True" condition-coverage="100% (2/2)">
                  <conditions>
                    <condition number="119" type="jump" coverage="100%" />
                  </conditions>
                </line>
                <line number="143" hits="3" branch="False" />
                <line number="144" hits="3" branch="False" />
                <line number="148" hits="2" branch="False" />
              </lines>
            </method>
            <method name="ConvertValue" signature="(System.String,System.Type)" line-rate="0.5714" branch-rate="0.5" complexity="8">
              <lines>
                <line number="153" hits="3" branch="True" condition-coverage="100% (2/2)">
                  <conditions>
                    <condition number="16" type="jump" coverage="100%" />
                  </conditions>
                </line>
                <line number="154" hits="2" branch="False" />
                <line number="156" hits="1" branch="True" condition-coverage="50% (1/2)">
                  <conditions>
                    <condition number="36" type="jump" coverage="50%" />
                  </conditions>
                </line>
                <line number="157" hits="1" branch="True" condition-coverage="50% (1/2)">
                  <conditions>
                    <condition number="46" type="jump" coverage="50%" />
                  </conditions>
                </line>
                <line number="159" hits="0" branch="True" condition-coverage="0% (0/2)">
                  <conditions>
                    <condition number="74" type="jump" coverage="0%" />
                  </conditions>
                </line>
                <line number="160" hits="0" branch="False" />
                <line number="162" hits="0" branch="False" />
              </lines>
            </method>
            <method name=".ctor" signature="(System.String)" line-rate="1" branch-rate="1" complexity="2">
              <lines>
                <line number="117" hits="4" branch="False" />
                <line number="119" hits="4" branch="True" condition-coverage="100% (2/2)">
                  <conditions>
                    <condition number="9" type="jump" coverage="100%" />
                  </conditions>
                </line>
                <line number="120" hits="3" branch="False" />
              </lines>
            </method>
          </methods>
          <lines>
            <line number="127" hits="3" branch="True" condition-coverage="100% (2/2)">
              <conditions>
                <condition number="11" type="jump" coverage="100%" />
              </conditions>
            </line>
            <line number="128" hits="1" branch="False" />
            <line number="130" hits="2" branch="False" />
            <line number="133" hits="2" branch="False" />
            <line number="136" hits="2" branch="False" />
            <line number="137" hits="120" branch="True" condition-coverage="100% (2/2)">
              <conditions>
                <condition number="178" type="jump" coverage="100%" />
              </conditions>
            </line>
            <line number="139" hits="58" branch="False" />
            <line number="140" hits="58" branch="False" />
            <line number="141" hits="58" branch="True" condition-coverage="100% (2/2)">
              <conditions>
                <condition number="119" type="jump" coverage="100%" />
              </conditions>
            </line>
            <line number="143" hits="3" branch="False" />
            <line number="144" hits="3" branch="False" />
            <line number="148" hits="2" branch="False" />
            <line number="153" hits="3" branch="True" condition-coverage="100% (2/2)">
              <conditions>
                <condition number="16" type="jump" coverage="100%" />
              </conditions>
            </line>
            <line number="154" hits="2" branch="False" />
            <line number="156" hits="1" branch="True" condition-coverage="50% (1/2)">
              <conditions>
                <condition number="36" type="jump" coverage="50%" />
              </conditions>
            </line>
            <line number="157" hits="1" branch="True" condition-coverage="50% (1/2)">
              <conditions>
                <condition number="46" type="jump" coverage="50%" />
              </conditions>
            </line>
            <line number="159" hits="0" branch="True" condition-coverage="0% (0/2)">
              <conditions>
                <condition number="74" type="jump" coverage="0%" />
              </conditions>
            </line>
            <line number="160" hits="0" branch="False" />
            <line number="162" hits="0" branch="False" />
            <line number="117" hits="4" branch="False" />
            <line number="119" hits="4" branch="True" condition-coverage="100% (2/2)">
              <conditions>
                <condition number="9" type="jump" coverage="100%" />
              </conditions>
            </line>
            <line number="120" hits="3" branch="False" />
          </lines>
        </class>
        <class name="Croupier.Sdk.Configuration.MemoryConfigProvider" filename="Configuration\ClientConfigProvider.cs" line-rate="1" branch-rate="1" complexity="3">
          <methods>
            <method name="GetConfig" signature="()" line-rate="1" branch-rate="1" complexity="1">
              <lines>
                <line number="185" hits="6" branch="False" />
              </lines>
            </method>
            <method name=".ctor" signature="(Croupier.Sdk.Models.ClientConfig)" line-rate="1" branch-rate="1" complexity="2">
              <lines>
                <line number="177" hits="6" branch="False" />
                <line number="179" hits="6" branch="True" condition-coverage="100% (2/2)">
                  <conditions>
                    <condition number="9" type="jump" coverage="100%" />
                  </conditions>
                </line>
                <line number="180" hits="5" branch="False" />
              </lines>
            </method>
          </methods>
          <lines>
            <line number="185" hits="6" branch="False" />
            <line number="177" hits="6" branch="False" />
            <line number="179" hits="6" branch="True" condition-coverage="100% (2/2)">
              <conditions>
                <condition number="9" type="jump" coverage="100%" />
              </conditions>
            </line>
            <line number="180" hits="5" branch="False" />
          </lines>
        </class>
      </classes>
    </package>
  </packages>
</coverage>